This is XeTeX, Version 3.141592653-2.6-0.999994 (MiKTeX 22.12) (preloaded format=xelatex 2023.5.12)  20 FEB 2024 13:30
entering extended mode
 restricted \write18 enabled.
 file:line:error style messages enabled.
 %&-line parsing enabled.
**"d:/Term 08/Game-Theory/Geme-Theory/GameTheory_HW2_Sharif/HW2/HW2.tex"
(d:/Term 08/Game-Theory/Geme-Theory/GameTheory_HW2_Sharif/HW2/HW2.tex
LaTeX2e <2022-11-01> patch level 1
L3 programming layer <2023-01-16> (C:\Program Files\MiKTeX\tex/latex/base\article.cls
Document Class: article 2022/07/02 v1.4n Standard LaTeX document class
(C:\Program Files\MiKTeX\tex/latex/base\size11.clo
File: size11.clo 2022/07/02 v1.4n Standard LaTeX file (size option)
)
\c@part=\count181
\c@section=\count182
\c@subsection=\count183
\c@subsubsection=\count184
\c@paragraph=\count185
\c@subparagraph=\count186
\c@figure=\count187
\c@table=\count188
\abovecaptionskip=\skip48
\belowcaptionskip=\skip49
\bibindent=\dimen140
) (C:\Program Files\MiKTeX\tex/latex/graphics\graphicx.sty
Package: graphicx 2021/09/16 v1.2d Enhanced LaTeX Graphics (DPC,SPQR)
 (C:\Program Files\MiKTeX\tex/latex/graphics\keyval.sty
Package: keyval 2022/05/29 v1.15 key=value parser (DPC)
\KV@toks@=\toks16
) (C:\Program Files\MiKTeX\tex/latex/graphics\graphics.sty
Package: graphics 2022/03/10 v1.4e Standard LaTeX Graphics (DPC,SPQR)
 (C:\Program Files\MiKTeX\tex/latex/graphics\trig.sty
Package: trig 2021/08/11 v1.11 sin cos tan (DPC)
) (C:\Program Files\MiKTeX\tex/latex/graphics-cfg\graphics.cfg
File: graphics.cfg 2016/06/04 v1.11 sample graphics configuration
)
Package graphics Info: Driver file: xetex.def on input line 107.
 (C:\Program Files\MiKTeX\tex/latex/graphics-def\xetex.def
File: xetex.def 2022/09/22 v5.0n Graphics/color driver for xetex
))
\Gin@req@height=\dimen141
\Gin@req@width=\dimen142
) (../commons/style.tex (C:\Program Files\MiKTeX\tex/latex/comment\comment.sty
\CommentStream=\write3
 Excluding comment 'comment') (C:\Program Files\MiKTeX\tex/latex/framed\framed.sty
Package: framed 2011/10/22 v 0.96: framed or shaded text with page breaks
\OuterFrameSep=\skip50
\fb@frw=\dimen143
\fb@frh=\dimen144
\FrameRule=\dimen145
\FrameSep=\dimen146
) (C:\Program Files\MiKTeX\tex/latex/amscls\amsthm.sty
Package: amsthm 2020/05/29 v2.20.6
\thm@style=\toks17
\thm@bodyfont=\toks18
\thm@headfont=\toks19
\thm@notefont=\toks20
\thm@headpunct=\toks21
\thm@preskip=\skip51
\thm@postskip=\skip52
\thm@headsep=\skip53
\dth@everypar=\toks22
) (C:\Program Files\MiKTeX\tex/latex/amsfonts\amssymb.sty
Package: amssymb 2013/01/14 v3.01 AMS font symbols
 (C:\Program Files\MiKTeX\tex/latex/amsfonts\amsfonts.sty
Package: amsfonts 2013/01/14 v3.01 Basic AMSFonts support
\@emptytoks=\toks23
\symAMSa=\mathgroup4
\symAMSb=\mathgroup5
LaTeX Font Info:    Redeclaring math symbol \hbar on input line 98.
LaTeX Font Info:    Overwriting math alphabet `\mathfrak' in version `bold'
(Font)                  U/euf/m/n --> U/euf/b/n on input line 106.
)) (C:\Program Files\MiKTeX\tex/latex/amsmath\amsmath.sty
Package: amsmath 2022/04/08 v2.17n AMS math features
\@mathmargin=\skip54

For additional information on amsmath, use the `?' option.
(C:\Program Files\MiKTeX\tex/latex/amsmath\amstext.sty
Package: amstext 2021/08/26 v2.01 AMS text
 (C:\Program Files\MiKTeX\tex/latex/amsmath\amsgen.sty
File: amsgen.sty 1999/11/30 v2.0 generic functions
\@emptytoks=\toks24
\ex@=\dimen147
)) (C:\Program Files\MiKTeX\tex/latex/amsmath\amsbsy.sty
Package: amsbsy 1999/11/29 v1.2d Bold Symbols
\pmbraise@=\dimen148
) (C:\Program Files\MiKTeX\tex/latex/amsmath\amsopn.sty
Package: amsopn 2022/04/08 v2.04 operator names
)
\inf@bad=\count189
LaTeX Info: Redefining \frac on input line 234.
\uproot@=\count190
\leftroot@=\count191
LaTeX Info: Redefining \overline on input line 399.
LaTeX Info: Redefining \colon on input line 410.
\classnum@=\count192
\DOTSCASE@=\count193
LaTeX Info: Redefining \ldots on input line 496.
LaTeX Info: Redefining \dots on input line 499.
LaTeX Info: Redefining \cdots on input line 620.
\Mathstrutbox@=\box51
\strutbox@=\box52
LaTeX Info: Redefining \big on input line 722.
LaTeX Info: Redefining \Big on input line 723.
LaTeX Info: Redefining \bigg on input line 724.
LaTeX Info: Redefining \Bigg on input line 725.
\big@size=\dimen149
LaTeX Font Info:    Redeclaring font encoding OML on input line 743.
LaTeX Font Info:    Redeclaring font encoding OMS on input line 744.
\macc@depth=\count194
LaTeX Info: Redefining \bmod on input line 905.
LaTeX Info: Redefining \pmod on input line 910.
LaTeX Info: Redefining \smash on input line 940.
LaTeX Info: Redefining \relbar on input line 970.
LaTeX Info: Redefining \Relbar on input line 971.
\c@MaxMatrixCols=\count195
\dotsspace@=\muskip16
\c@parentequation=\count196
\dspbrk@lvl=\count197
\tag@help=\toks25
\row@=\count198
\column@=\count199
\maxfields@=\count266
\andhelp@=\toks26
\eqnshift@=\dimen150
\alignsep@=\dimen151
\tagshift@=\dimen152
\tagwidth@=\dimen153
\totwidth@=\dimen154
\lineht@=\dimen155
\@envbody=\toks27
\multlinegap=\skip55
\multlinetaggap=\skip56
\mathdisplay@stack=\toks28
LaTeX Info: Redefining \[ on input line 2953.
LaTeX Info: Redefining \] on input line 2954.
) (C:\Program Files\MiKTeX\tex/latex/hyperref\hyperref.sty
Package: hyperref 2022-11-13 v7.00u Hypertext links for LaTeX
 (C:\Program Files\MiKTeX\tex/generic/ltxcmds\ltxcmds.sty
Package: ltxcmds 2020-05-10 v1.25 LaTeX kernel commands for general use (HO)
) (C:\Program Files\MiKTeX\tex/generic/iftex\iftex.sty
Package: iftex 2022/02/03 v1.0f TeX engine tests
) (C:\Program Files\MiKTeX\tex/generic/pdftexcmds\pdftexcmds.sty
Package: pdftexcmds 2020-06-27 v0.33 Utility functions of pdfTeX for LuaTeX (HO)
 (C:\Program Files\MiKTeX\tex/generic/infwarerr\infwarerr.sty
Package: infwarerr 2019/12/03 v1.5 Providing info/warning/error messages (HO)
)
Package pdftexcmds Info: \pdf@primitive is available.
Package pdftexcmds Info: \pdf@ifprimitive is available.
Package pdftexcmds Info: \pdfdraftmode not found.
) (C:\Program Files\MiKTeX\tex/latex/kvsetkeys\kvsetkeys.sty
Package: kvsetkeys 2022-10-05 v1.19 Key value parser (HO)
) (C:\Program Files\MiKTeX\tex/generic/kvdefinekeys\kvdefinekeys.sty
Package: kvdefinekeys 2019-12-19 v1.6 Define keys (HO)
) (C:\Program Files\MiKTeX\tex/generic/pdfescape\pdfescape.sty
Package: pdfescape 2019/12/09 v1.15 Implements pdfTeX's escape features (HO)
) (C:\Program Files\MiKTeX\tex/latex/hycolor\hycolor.sty
Package: hycolor 2020-01-27 v1.10 Color options for hyperref/bookmark (HO)
) (C:\Program Files\MiKTeX\tex/latex/letltxmacro\letltxmacro.sty
Package: letltxmacro 2019/12/03 v1.6 Let assignment for LaTeX macros (HO)
) (C:\Program Files\MiKTeX\tex/latex/auxhook\auxhook.sty
Package: auxhook 2019-12-17 v1.6 Hooks for auxiliary files (HO)
) (C:\Program Files\MiKTeX\tex/latex/hyperref\nameref.sty
Package: nameref 2022-05-17 v2.50 Cross-referencing by name of section
 (C:\Program Files\MiKTeX\tex/latex/refcount\refcount.sty
Package: refcount 2019/12/15 v3.6 Data extraction from label references (HO)
) (C:\Program Files\MiKTeX\tex/generic/gettitlestring\gettitlestring.sty
Package: gettitlestring 2019/12/15 v1.6 Cleanup title references (HO)
 (C:\Program Files\MiKTeX\tex/latex/kvoptions\kvoptions.sty
Package: kvoptions 2022-06-15 v3.15 Key value format for package options (HO)
))
\c@section@level=\count267
)
\@linkdim=\dimen156
\Hy@linkcounter=\count268
\Hy@pagecounter=\count269
 (C:\Program Files\MiKTeX\tex/latex/hyperref\pd1enc.def
File: pd1enc.def 2022-11-13 v7.00u Hyperref: PDFDocEncoding definition (HO)
) (C:\Program Files\MiKTeX\tex/generic/intcalc\intcalc.sty
Package: intcalc 2019/12/15 v1.3 Expandable calculations with integers (HO)
) (C:\Program Files\MiKTeX\tex/generic/etexcmds\etexcmds.sty
Package: etexcmds 2019/12/15 v1.7 Avoid name clashes with e-TeX commands (HO)
)
\Hy@SavedSpaceFactor=\count270
 (C:\Program Files\MiKTeX\tex/latex/hyperref\puenc.def
File: puenc.def 2022-11-13 v7.00u Hyperref: PDF Unicode definition (HO)
)
Package hyperref Info: Option `colorlinks' set `true' on input line 4045.
Package hyperref Info: Hyper figures OFF on input line 4162.
Package hyperref Info: Link nesting OFF on input line 4167.
Package hyperref Info: Hyper index ON on input line 4170.
Package hyperref Info: Plain pages OFF on input line 4177.
Package hyperref Info: Backreferencing OFF on input line 4182.
Package hyperref Info: Implicit mode ON; LaTeX internals redefined.
Package hyperref Info: Bookmarks ON on input line 4410.
\c@Hy@tempcnt=\count271
 (C:\Program Files\MiKTeX\tex/latex/url\url.sty
\Urlmuskip=\muskip17
Package: url 2013/09/16  ver 3.4  Verb mode for urls, etc.
)
LaTeX Info: Redefining \url on input line 4748.
\XeTeXLinkMargin=\dimen157
 (C:\Program Files\MiKTeX\tex/generic/bitset\bitset.sty
Package: bitset 2019/12/09 v1.3 Handle bit-vector datatype (HO)
 (C:\Program Files\MiKTeX\tex/generic/bigintcalc\bigintcalc.sty
Package: bigintcalc 2019/12/15 v1.5 Expandable calculations on big integers (HO)
))
\Fld@menulength=\count272
\Field@Width=\dimen158
\Fld@charsize=\dimen159
Package hyperref Info: Hyper figures OFF on input line 6027.
Package hyperref Info: Link nesting OFF on input line 6032.
Package hyperref Info: Hyper index ON on input line 6035.
Package hyperref Info: backreferencing OFF on input line 6042.
Package hyperref Info: Link coloring ON on input line 6045.
Package hyperref Info: Link coloring with OCG OFF on input line 6052.
Package hyperref Info: PDF/A mode OFF on input line 6057.
 (C:\Program Files\MiKTeX\tex/latex/base\atbegshi-ltx.sty
Package: atbegshi-ltx 2021/01/10 v1.0c Emulation of the original atbegshi
package with kernel methods
)
\Hy@abspage=\count273
\c@Item=\count274
\c@Hfootnote=\count275
)
Package hyperref Info: Driver (autodetected): hxetex.
 (C:\Program Files\MiKTeX\tex/latex/hyperref\hxetex.def
File: hxetex.def 2022-11-13 v7.00u Hyperref driver for XeTeX
 (C:\Program Files\MiKTeX\tex/generic/stringenc\stringenc.sty
Package: stringenc 2019/11/29 v1.12 Convert strings between diff. encodings (HO)
)
\pdfm@box=\box53
\c@Hy@AnnotLevel=\count276
\HyField@AnnotCount=\count277
\Fld@listcount=\count278
\c@bookmark@seq@number=\count279
 (C:\Program Files\MiKTeX\tex/latex/rerunfilecheck\rerunfilecheck.sty
Package: rerunfilecheck 2022-07-10 v1.10 Rerun checks for auxiliary files (HO)
 (C:\Program Files\MiKTeX\tex/latex/base\atveryend-ltx.sty
Package: atveryend-ltx 2020/08/19 v1.0a Emulation of the original atveryend package
with kernel methods
) (C:\Program Files\MiKTeX\tex/generic/uniquecounter\uniquecounter.sty
Package: uniquecounter 2019/12/15 v1.4 Provide unlimited unique counter (HO)
)
Package uniquecounter Info: New unique counter `rerunfilecheck' on input line 285.
)
\Hy@SectionHShift=\skip57
) (C:\Program Files\MiKTeX\tex/latex/pstricks\pstricks.sty
Package: pstricks 2022/19/23 v0.72 LaTeX wrapper for `PSTricks' (RN,HV)
 (C:\Program Files\MiKTeX\tex/latex/xcolor\xcolor.sty
Package: xcolor 2022/06/12 v2.14 LaTeX color extensions (UK)
 (C:\Program Files\MiKTeX\tex/latex/graphics-cfg\color.cfg
File: color.cfg 2016/01/02 v1.6 sample color configuration
)
Package xcolor Info: Package option `usenames' ignored on input line 218.
Package xcolor Info: Driver file: xetex.def on input line 227.
 (C:\Program Files\MiKTeX\tex/latex/graphics\mathcolor.ltx)
Package xcolor Info: Model `cmy' substituted by `cmy0' on input line 1353.
Package xcolor Info: Model `RGB' extended on input line 1369.
Package xcolor Info: Model `HTML' substituted by `rgb' on input line 1371.
Package xcolor Info: Model `Hsb' substituted by `hsb' on input line 1372.
Package xcolor Info: Model `tHsb' substituted by `hsb' on input line 1373.
Package xcolor Info: Model `HSB' substituted by `hsb' on input line 1374.
Package xcolor Info: Model `Gray' substituted by `gray' on input line 1375.
Package xcolor Info: Model `wave' substituted by `hsb' on input line 1376.
 (C:\Program Files\MiKTeX\tex/latex/graphics\dvipsnam.def
File: dvipsnam.def 2016/06/17 v3.0m Driver-dependent file (DPC,SPQR)
)) (C:\Program Files\MiKTeX\tex/generic/xkeyval\pst-xkey.tex
File: pst-xkey.tex 2005/11/25 v1.6 PSTricks specialization of xkeyval (HA)
 (C:\Program Files\MiKTeX\tex/latex/xkeyval\xkeyval.sty
Package: xkeyval 2022/06/16 v2.9 package option processing (HA)
 (C:\Program Files\MiKTeX\tex/generic/xkeyval\xkeyval.tex (C:\Program Files\MiKTeX\tex/generic/xkeyval\xkvutils.tex
\XKV@toks=\toks29
\XKV@tempa@toks=\toks30
)
\XKV@depth=\count280
File: xkeyval.tex 2014/12/03 v2.7a key=value parser (HA)
))) (C:\Program Files\MiKTeX\tex/generic/pstricks\pstricks.tex (C:\Program Files\MiKTeX\tex/generic/pstricks\pst-fp.tex `pst-fp' v0.06, 2020/11/20 (hv)
\pstFP@xs=\count281
\pstFP@xia=\count282
\pstFP@xib=\count283
\pstFP@xfa=\count284
\pstFP@xfb=\count285
\pstFP@rega=\count286
\pstFP@regb=\count287
\pstFP@regs=\count288
\pstFP@times=\count289
) (C:\Program Files\MiKTeX\tex/latex/pgf/utilities\pgffor.sty (C:\Program Files\MiKTeX\tex/latex/pgf/utilities\pgfrcs.sty (C:\Program Files\MiKTeX\tex/generic/pgf/utilities\pgfutil-common.tex
\pgfutil@everybye=\toks31
\pgfutil@tempdima=\dimen160
\pgfutil@tempdimb=\dimen161
) (C:\Program Files\MiKTeX\tex/generic/pgf/utilities\pgfutil-latex.def
\pgfutil@abb=\box54
) (C:\Program Files\MiKTeX\tex/generic/pgf/utilities\pgfrcs.code.tex (C:\Program Files\MiKTeX\tex/generic/pgf\pgf.revision.tex)
Package: pgfrcs 2023-01-15 v3.1.10 (3.1.10)
)) (C:\Program Files\MiKTeX\tex/latex/pgf/utilities\pgfkeys.sty (C:\Program Files\MiKTeX\tex/generic/pgf/utilities\pgfkeys.code.tex
\pgfkeys@pathtoks=\toks32
\pgfkeys@temptoks=\toks33
 (C:\Program Files\MiKTeX\tex/generic/pgf/utilities\pgfkeyslibraryfiltered.code.tex
\pgfkeys@tmptoks=\toks34
))) (C:\Program Files\MiKTeX\tex/latex/pgf/math\pgfmath.sty (C:\Program Files\MiKTeX\tex/generic/pgf/math\pgfmath.code.tex (C:\Program Files\MiKTeX\tex/generic/pgf/math\pgfmathutil.code.tex
\pgf@x=\dimen162
\pgf@xa=\dimen163
\pgf@xb=\dimen164
\pgf@xc=\dimen165
\pgf@y=\dimen166
\pgf@ya=\dimen167
\pgf@yb=\dimen168
\pgf@yc=\dimen169
\c@pgf@counta=\count290
\c@pgf@countb=\count291
\c@pgf@countc=\count292
\c@pgf@countd=\count293
) (C:\Program Files\MiKTeX\tex/generic/pgf/math\pgfmathparser.code.tex
\pgfmath@dimen=\dimen170
\pgfmath@count=\count294
\pgfmath@box=\box55
\pgfmath@toks=\toks35
\pgfmath@stack@operand=\toks36
\pgfmath@stack@operation=\toks37
) (C:\Program Files\MiKTeX\tex/generic/pgf/math\pgfmathfunctions.code.tex) (C:\Program Files\MiKTeX\tex/generic/pgf/math\pgfmathfunctions.basic.code.tex) (C:\Program Files\MiKTeX\tex/generic/pgf/math\pgfmathfunctions.trigonometric.code.tex) (C:\Program Files\MiKTeX\tex/generic/pgf/math\pgfmathfunctions.random.code.tex) (C:\Program Files\MiKTeX\tex/generic/pgf/math\pgfmathfunctions.comparison.code.tex) (C:\Program Files\MiKTeX\tex/generic/pgf/math\pgfmathfunctions.base.code.tex) (C:\Program Files\MiKTeX\tex/generic/pgf/math\pgfmathfunctions.round.code.tex) (C:\Program Files\MiKTeX\tex/generic/pgf/math\pgfmathfunctions.misc.code.tex) (C:\Program Files\MiKTeX\tex/generic/pgf/math\pgfmathfunctions.integerarithmetics.code.tex) (C:\Program Files\MiKTeX\tex/generic/pgf/math\pgfmathcalc.code.tex) (C:\Program Files\MiKTeX\tex/generic/pgf/math\pgfmathfloat.code.tex
\c@pgfmathroundto@lastzeros=\count295
))) (C:\Program Files\MiKTeX\tex/generic/pgf/utilities\pgffor.code.tex
Package: pgffor 2023-01-15 v3.1.10 (3.1.10)
\pgffor@iter=\dimen171
\pgffor@skip=\dimen172
\pgffor@stack=\toks38
\pgffor@toks=\toks39
))
\psLoopIndex=\count296

`PSTricks' v3.18  <2022/11/28> (tvz,hv)
\pst@dima=\dimen173
\pst@dimb=\dimen174
\pst@dimc=\dimen175
\pst@dimd=\dimen176
\pst@dimg=\dimen177
\pst@dimh=\dimen178
\pst@dimm=\dimen179
\pst@dimn=\dimen180
\pst@dimo=\dimen181
\pst@dimp=\dimen182
\pst@hbox=\box56
\pst@ibox=\box57
\pst@boxg=\box58
\pst@cnta=\count297
\pst@cntb=\count298
\pst@cntc=\count299
\pst@cntd=\count300
\pst@cntg=\count301
\pst@cnth=\count302
\pst@cntm=\count303
\pst@cntn=\count304
\pst@cnto=\count305
\pst@cntp=\count306
\@zero=\count307
\pst@toks=\toks40
--- We are running latex or xelatex ---
(C:\Program Files\MiKTeX\tex/xelatex/xetex-pstricks\pstricks.con (C:\Program Files\MiKTeX\tex/generic/pstricks\xdvipdfmx.cfg)) (C:\Program Files\MiKTeX\tex/generic/pstricks\pstricks-color.tex)
\psunit=\dimen183
\psxunit=\dimen184
\psyunit=\dimen185
\pst@C@@rType=\count308
\pslinewidth=\dimen186
\psk@startLW=\dimen187
\psk@endLW=\dimen188
 (C:\Program Files\MiKTeX\tex/generic/pstricks\pstricks-arrows.tex
\pshooklength=\dimen189
\pshookwidth=\dimen190
)
\pst@customdefs=\toks41
 (C:\Program Files\MiKTeX\tex/generic/pstricks\pstricks-dots.tex)
\pslinearc=\dimen191
\pst@symbolStep=\dimen192
\pst@symbolWidth=\dimen193
\pst@symbolLinewidth=\dimen194
\everypsbox=\toks42
\psframesep=\dimen195
\pslabelsep=\dimen196
\sh@wgridXunit=\dimen197
\sh@wgridYunit=\dimen198
\pst@shift=\dimen199
\ps@imagectr=\count309
 (C:\Program Files\MiKTeX\tex/xelatex/xetex-pstricks\pstricks.con (C:\Program Files\MiKTeX\tex/generic/pstricks\xdvipdfmx.cfg
Using PSTricks configuration for LaTeX+dvipdfmx
)))
File: pstricks.tex 2022/11/28 v3.18 `PSTricks' (tvz,hv)
 (C:\Program Files\MiKTeX\tex/generic/pstricks\pst-fp.tex `pst-fp' v0.06, 2020/11/20 (hv))
File: pst-fp.tex 2020/11/20 v0.06 `PST-fp' (hv)

>>> Loading XeTeX special macros
(C:\Program Files\MiKTeX\tex/generic/pstricks\pstricks-xetex.def)) (C:\Program Files\MiKTeX\tex/latex/subfigure\subfigure.sty
Package: subfigure 2002/07/30 v2.1.4 subfigure package
\subfigtopskip=\skip58
\subfigcapskip=\skip59
\subfigcaptopadj=\dimen256
\subfigbottomskip=\skip60
\subfigcapmargin=\dimen257
\subfiglabelskip=\skip61
\c@subfigure=\count310
\c@lofdepth=\count311
\c@subtable=\count312
\c@lotdepth=\count313

****************************************
* Local config file subfigure.cfg used *
****************************************
(C:\Program Files\MiKTeX\tex/latex/subfigure\subfigure.cfg)
\subfig@top=\skip62
\subfig@bottom=\skip63
) (C:\Program Files\MiKTeX\tex/latex/wrapfig\wrapfig.sty
\wrapoverhang=\dimen258
\WF@size=\dimen259
\c@WF@wrappedlines=\count314
\WF@box=\box59
\WF@everypar=\toks43
Package: wrapfig 2003/01/31  v 3.6
) (C:\Program Files\MiKTeX\tex/latex/relsize\relsize.sty
Package: relsize 2013/03/29 ver 4.1
) (C:\Program Files\MiKTeX\tex/latex/geometry\geometry.sty
Package: geometry 2020/01/02 v5.9 Page Geometry
 (C:\Program Files\MiKTeX\tex/generic/iftex\ifvtex.sty
Package: ifvtex 2019/10/25 v1.7 ifvtex legacy package. Use iftex instead.
)
\Gm@cnth=\count315
\Gm@cntv=\count316
\c@Gm@tempcnt=\count317
\Gm@bindingoffset=\dimen260
\Gm@wd@mp=\dimen261
\Gm@odd@mp=\dimen262
\Gm@even@mp=\dimen263
\Gm@layoutwidth=\dimen264
\Gm@layoutheight=\dimen265
\Gm@layouthoffset=\dimen266
\Gm@layoutvoffset=\dimen267
\Gm@dimlist=\toks44
 (C:\Program Files\MiKTeX\tex/latex/geometry\geometry.cfg)) (C:\Program Files\MiKTeX\tex/latex/fancyhdr\fancyhdr.sty
Package: fancyhdr 2022/11/09 v4.1 Extensive control of page headers and footers
\f@nch@headwidth=\skip64
\f@nch@O@elh=\skip65
\f@nch@O@erh=\skip66
\f@nch@O@olh=\skip67
\f@nch@O@orh=\skip68
\f@nch@O@elf=\skip69
\f@nch@O@erf=\skip70
\f@nch@O@olf=\skip71
\f@nch@O@orf=\skip72
) (C:\Program Files\MiKTeX\tex/latex/amsfonts\euscript.sty
Package: euscript 2009/06/22 v3.00 Euler Script fonts
LaTeX Font Info:    Overwriting math alphabet `\EuScript' in version `bold'
(Font)                  U/eus/m/n --> U/eus/b/n on input line 33.
) (C:\Program Files\MiKTeX\tex/latex/tools\multicol.sty
Package: multicol 2021/11/30 v1.9d multicolumn formatting (FMi)
\c@tracingmulticols=\count318
\mult@box=\box60
\multicol@leftmargin=\dimen268
\c@unbalance=\count319
\c@collectmore=\count320
\doublecol@number=\count321
\multicoltolerance=\count322
\multicolpretolerance=\count323
\full@width=\dimen269
\page@free=\dimen270
\premulticols=\dimen271
\postmulticols=\dimen272
\multicolsep=\skip73
\multicolbaselineskip=\skip74
\partial@page=\box61
\last@line=\box62
\maxbalancingoverflow=\dimen273
\mult@rightbox=\box63
\mult@grightbox=\box64
\mult@firstbox=\box65
\mult@gfirstbox=\box66
\@tempa=\box67
\@tempa=\box68
\@tempa=\box69
\@tempa=\box70
\@tempa=\box71
\@tempa=\box72
\@tempa=\box73
\@tempa=\box74
\@tempa=\box75
\@tempa=\box76
\@tempa=\box77
\@tempa=\box78
\@tempa=\box79
\@tempa=\box80
\@tempa=\box81
\@tempa=\box82
\@tempa=\box83
\@tempa=\box84
\@tempa=\box85
\@tempa=\box86
\@tempa=\box87
\@tempa=\box88
\@tempa=\box89
\@tempa=\box90
\@tempa=\box91
\@tempa=\box92
\@tempa=\box93
\@tempa=\box94
\@tempa=\box95
\@tempa=\box96
\@tempa=\box97
\@tempa=\box98
\@tempa=\box99
\@tempa=\box100
\@tempa=\box101
\@tempa=\box102
\c@minrows=\count324
\c@columnbadness=\count325
\c@finalcolumnbadness=\count326
\last@try=\dimen274
\multicolovershoot=\dimen275
\multicolundershoot=\dimen276
\mult@nat@firstbox=\box103
\colbreak@box=\box104
\mc@col@check@num=\count327
) (C:\Program Files\MiKTeX\tex/latex/setspace\setspace.sty
Package: setspace 2022/12/04 v6.7b set line spacing
) (C:\Program Files\MiKTeX\tex/latex/algorithmicx\algorithmicx.sty
Package: algorithmicx 2005/04/27 v1.2 Algorithmicx
 (C:\Program Files\MiKTeX\tex/latex/base\ifthen.sty
Package: ifthen 2022/04/13 v1.1d Standard LaTeX ifthen package (DPC)
)
Document Style algorithmicx 1.2 - a greatly improved `algorithmic' style
\c@ALG@line=\count328
\c@ALG@rem=\count329
\c@ALG@nested=\count330
\ALG@tlm=\skip75
\ALG@thistlm=\skip76
\c@ALG@Lnr=\count331
\c@ALG@blocknr=\count332
\c@ALG@storecount=\count333
\c@ALG@tmpcounter=\count334
\ALG@tmplength=\skip77
) (C:\Program Files\MiKTeX\tex/latex/algorithms\algorithm.sty
Invalid UTF-8 byte or sequence at line 11 replaced by U+FFFD.
Package: algorithm 2009/08/24 v0.1 Document Style `algorithm' - floating environment
 (C:\Program Files\MiKTeX\tex/latex/float\float.sty
Package: float 2001/11/08 v1.3d Float enhancements (AL)
\c@float@type=\count335
\float@exts=\toks45
\float@box=\box105
\@float@everytoks=\toks46
\@floatcapt=\box106
)
\@float@every@algorithm=\toks47
\c@algorithm=\count336
) (C:\Program Files\MiKTeX\tex/xelatex/xepersian\xepersian.sty
Package: xepersian 2022/10/30 v24.8 (Release Women, Life, and Freedom) Persian typesetting in XeLaTeX
 (C:\Program Files\MiKTeX\tex/latex/fontspec\fontspec.sty (C:\Program Files\MiKTeX\tex/latex/l3packages/xparse\xparse.sty (C:\Program Files\MiKTeX\tex/latex/l3kernel\expl3.sty
Package: expl3 2023-01-16 L3 programming layer (loader) 
 (C:\Program Files\MiKTeX\tex/latex/l3backend\l3backend-xetex.def
File: l3backend-xetex.def 2023-01-16 L3 backend support: XeTeX
\g__graphics_track_int=\count337
\l__pdf_internal_box=\box107
\g__pdf_backend_object_int=\count338
\g__pdf_backend_annotation_int=\count339
\g__pdf_backend_link_int=\count340
))
Package: xparse 2023-01-16 L3 Experimental document command parser
)
Package: fontspec 2022/01/15 v2.8a Font selection for XeLaTeX and LuaLaTeX
 (C:\Program Files\MiKTeX\tex/latex/fontspec\fontspec-xetex.sty
Package: fontspec-xetex 2022/01/15 v2.8a Font selection for XeLaTeX and LuaLaTeX
\l__fontspec_script_int=\count341
\l__fontspec_language_int=\count342
\l__fontspec_strnum_int=\count343
\l__fontspec_tmp_int=\count344
\l__fontspec_tmpa_int=\count345
\l__fontspec_tmpb_int=\count346
\l__fontspec_tmpc_int=\count347
\l__fontspec_em_int=\count348
\l__fontspec_emdef_int=\count349
\l__fontspec_strong_int=\count350
\l__fontspec_strongdef_int=\count351
\l__fontspec_tmpa_dim=\dimen277
\l__fontspec_tmpb_dim=\dimen278
\l__fontspec_tmpc_dim=\dimen279
 (C:\Program Files\MiKTeX\tex/latex/base\fontenc.sty
Package: fontenc 2021/04/29 v2.0v Standard LaTeX package
) (C:\Program Files\MiKTeX\tex/latex/fontspec\fontspec.cfg))) (C:\Program Files\MiKTeX\tex/xelatex/xepersian\xepersian-persiancal.sty
Package: xepersian-persiancal 2012/07/25 v0.2 provides Persian calendar
\XePersian@i=\count352
\XePersian@y=\count353
\XePersian@m=\count354
\XePersian@d=\count355
\XePersian@latini=\count356
\XePersian@persiani=\count357
\XePersian@latinii=\count358
\XePersian@persianii=\count359
\XePersian@latiniii=\count360
\XePersian@persianiii=\count361
\XePersian@latiniv=\count362
\XePersian@persianiv=\count363
\XePersian@latinv=\count364
\XePersian@persianv=\count365
\XePersian@latinvi=\count366
\XePersian@persianvi=\count367
\XePersian@latinvii=\count368
\XePersian@persianvii=\count369
\XePersian@latinviii=\count370
\XePersian@persianviii=\count371
\XePersian@latinix=\count372
\XePersian@persianix=\count373
\XePersian@latinx=\count374
\XePersian@persianx=\count375
\XePersian@latinxi=\count376
\XePersian@persianxi=\count377
\XePersian@latinxii=\count378
\XePersian@persianxii=\count379
\XePersian@persianxiii=\count380
\XePersian@temp=\count381
\XePersian@temptwo=\count382
\XePersian@tempthree=\count383
\XePersian@yModHundred=\count384
\XePersian@thirtytwo=\count385
\XePersian@dn=\count386
\XePersian@sn=\count387
\XePersian@mminusone=\count388
) (C:\Program Files\MiKTeX\tex/xelatex/xepersian\xepersian-mathdigitspec.sty
Package: xepersian-mathdigitspec 2022/05/20 v1.2.0 Unicode Persian math digits in XeLaTeX
) (C:\Program Files\MiKTeX\tex/xelatex/bidi\bidi.sty
Package: bidi 2022/11/06 v39.6 (Release Women, Life, and Liberty) Bidirectional typesetting in plain TeX and LaTeX

****************************************************
* 
* bidi package (Bidirectional typesetting in
* plain TeX and LaTeX, using XeTeX engine)
* 
* Description: A convenient interface for
* typesetting bidirectional texts in plain TeX
* and LaTeX. The package includes adaptations
* for use with many other commonly-used packages.
* 
* Copyright (c) 2007--2022 Vafa Khalighi
* Copyright (c) 2018--2020 bidi-tex GitHub organization
* 
* v39.6 (Release Women, Life, and Liberty), 2022/11/06
* 
* License: LaTeX Project Public License, version
* 1.3c or higher (your choice)
* 
* Location on CTAN: /macros/xetex/latex/bidi
* 
* Issue tracker: https://github.com/kvafa/bidi/issues
* 
* Discussions: https://github.com/kvafa/bidi/discussions
* 
* Primary author of bidi package: Vafa Khalighi.
* 
****************************************************
(C:\Program Files\MiKTeX\tex/xelatex/bidi\biditools.sty
Package: biditools 2022/06/15 v2.3 Programming tools for bidi package
\@bidi@envbody=\toks48
\@bidi@emptytoks=\toks49
\bidi@poscount=\count389
\bidi@tempcountb=\count390
\bidi@temptoksa=\toks50
\bidi@temptoksb=\toks51
\bidi@dummies=\count391
\bidi@are@these@correct=\toks52
\bidi@toks@lista=\toks53
\bidi@toks@listb=\toks54
\bidi@stack@length=\count392
\bidi@empty@stack=\toks55
\bidi@looprepeat@depth=\count393
) (C:\Program Files\MiKTeX\tex/latex/zref\zref-abspage.sty
Package: zref-abspage 2022-04-07 v2.34 Module abspage for zref (HO)
 (C:\Program Files\MiKTeX\tex/latex/zref\zref-base.sty
Package: zref-base 2022-04-07 v2.34 Module base for zref (HO)
Package zref Info: New property list: main on input line 767.
Package zref Info: New property: default on input line 768.
Package zref Info: New property: page on input line 769.
)
\c@abspage=\count394
Package zref Info: New property: abspage on input line 65.
)
\@bidi@copyins@=\insert252
 (C:\Program Files\MiKTeX\tex/xelatex/bidi\latex-xetex-bidi.def
File: latex-xetex-bidi.def 2022/07/04 v1.4.9 bidi adaptations for `latex.ltx' for XeTeX engine
\bidi@n@everypar=\toks56
\bidi@column@check@number=\count395
 (C:\Program Files\MiKTeX\tex/xelatex/bidi\footnote-xetex-bidi.def
File: footnote-xetex-bidi.def 2017/08/09 v1.1 bidi footnote macros for XeTeX engine
\c@footdir@label=\count396
\footdir@toks=\toks57
) (C:\Program Files\MiKTeX\tex/xelatex/bidi\article-xetex-bidi.def
File: article-xetex-bidi.def 2017/06/09 v0.6 bidi adaptations for standard article class for XeTeX engine
) (C:\Program Files\MiKTeX\tex/xelatex/bidi\amsmath-xetex-bidi.def
File: amsmath-xetex-bidi.def 2020/05/16 v1.2 bidi adaptations for amsmath package for XeTeX engine
) (C:\Program Files\MiKTeX\tex/xelatex/bidi\amstext-xetex-bidi.def
File: amstext-xetex-bidi.def 2016/09/12 v0.2 bidi adaptations for amstext package for XeTeX engine
) (C:\Program Files\MiKTeX\tex/xelatex/bidi\amsthm-xetex-bidi.def
File: amsthm-xetex-bidi.def 2010/07/25 v0.1 bidi adaptations for amsthm package for XeTeX engine
) (C:\Program Files\MiKTeX\tex/xelatex/bidi\color-xetex-bidi.def
File: color-xetex-bidi.def 2013/04/08 v0.2 bidi adaptations for color package for XeTeX engine
LaTeX Info: Redefining \color on input line 49.
) (C:\Program Files\MiKTeX\tex/xelatex/bidi\xcolor-xetex-bidi.def
File: xcolor-xetex-bidi.def 2022/06/13 v0.3 bidi adaptations for xcolor package for XeTeX engine
LaTeX Info: Redefining \color on input line 48.
LaTeX Info: Redefining \bidicolor on input line 91.
) (C:\Program Files\MiKTeX\tex/xelatex/bidi\float-xetex-bidi.def
File: float-xetex-bidi.def 2013/04/04 v0.2 bidi adaptations for float package for XeTeX engine
) (C:\Program Files\MiKTeX\tex/xelatex/bidi\wrapfig-xetex-bidi.def
File: wrapfig-xetex-bidi.def 2014/04/23 v0.3 bidi adaptations for wrapfig package for XeTeX engine
) (C:\Program Files\MiKTeX\tex/xelatex/bidi\graphicx-xetex-bidi.def
File: graphicx-xetex-bidi.def 2017/06/17 v0.5 bidi adaptations for graphicx package for XeTeX engine
) (C:\Program Files\MiKTeX\tex/xelatex/bidi\geometry-xetex-bidi.def
File: geometry-xetex-bidi.def 2017/01/14 v0.2 bidi adaptations for geometry package for XeTeX engine
) (C:\Program Files\MiKTeX\tex/xelatex/bidi\hyperref-xetex-bidi.def
File: hyperref-xetex-bidi.def 2018/11/11 v1.1 bidi adaptations for hyperref package for XeTeX engine
) (C:\Program Files\MiKTeX\tex/xelatex/bidi\fancyhdr-xetex-bidi.def
File: fancyhdr-xetex-bidi.def 2018/02/15 v0.7 bidi adaptations for fancyhdr package for XeTeX engine
) (C:\Program Files\MiKTeX\tex/xelatex/bidi\framed-xetex-bidi.def
File: framed-xetex-bidi.def 2012/06/05 v0.3 bidi adaptations for framed package for XeTeX engine
) (C:\Program Files\MiKTeX\tex/xelatex/bidi\pstricks-xetex-bidi.def
File: pstricks-xetex-bidi.def 2022/09/22 v0.6 bidi adaptations for pstricks package for XeTeX engine
) (C:\Program Files\MiKTeX\tex/xelatex/bidi\subfigure-xetex-bidi.def
File: subfigure-xetex-bidi.def 2010/03/01 v0.1 bidi adaptations for subfigure package for XeTeX engine
) (C:\Program Files\MiKTeX\tex/xelatex/bidi\multicol-xetex-bidi.def
File: multicol-xetex-bidi.def 2022/07/10 v1.4 bidi adaptations for multicol package for XeTeX engine
)) (C:\Program Files\MiKTeX\tex/xelatex/bidi\loadingorder-xetex-bidi.def
File: loadingorder-xetex-bidi.def 2017/12/29 v0.97 making sure that bidi is the last package loaded
)
\bidi@digits=\count397
\bidi@digits@charclass=\XeTeXcharclass1
\bidi@sepmark@charclass=\XeTeXcharclass2
)
****************************************************
* 
* xepersian package (Persian for LaTeX, using XeTeX engine)
* 
* Description: The package supports Persian
* typesetting, using fonts provided in the
* distribution.
* 
* Copyright (c) 2008--2022 Vafa Khalighi
* Copyright (c) 2018--2020 bidi-tex GitHub Organization
* 
* v24.8 (Release Women, Life, and Freedom), 2022/10/30
* 
* License: LaTeX Project Public License, version
* 1.3c or higher (your choice)
* 
* Location on CTAN: /macros/xetex/latex/xepersian
* 
* Issue tracker: https://github.com/kvafa/xepersian/issues
* 
* Discussions: https://github.com/kvafa/xepersian/discussions
* 
* Primary author of xepersian package: Vafa Khalighi.
* 
****************************************************
\xepersian@tcl=\count398
\xepersian@ilg=\dimen280
\xepersian@strutilg=\dimen281
(C:\Program Files\MiKTeX\tex/xelatex/xepersian\loadingorder-xepersian.def
File: loadingorder-xepersian.def 2018/09/29 v0.5 making sure that xepersian is the last package loaded
) (C:\Program Files\MiKTeX\tex/xelatex/xepersian\footnote-xepersian.def
File: footnote-xepersian.def 2017/08/09 v0.6 footnote macros for xepersian package
) (C:\Program Files\MiKTeX\tex/xelatex/xepersian\algorithm-xepersian.def
File: algorithm-xepersian.def 2010/07/25 v0.2 adaptations for algorithm package
) (C:\Program Files\MiKTeX\tex/xelatex/xepersian\framed-xepersian.def
File: framed-xepersian.def 2012/06/05 v0.1 xepersian adaptations for framed package for XeTeX engine
) (C:\Program Files\MiKTeX\tex/xelatex/xepersian\hyperref-xepersian.def
File: hyperref-xepersian.def 2022/10/30 v0.8 xepersian adaptations for hyperref package
) (C:\Program Files\MiKTeX\tex/xelatex/xepersian\url-xepersian.def
File: url-xepersian.def 2022/02/18 v0.1 adaptations for url package
) (C:\Program Files\MiKTeX\tex/xelatex/xepersian\article-xepersian.def
File: article-xepersian.def 2010/07/25 v0.2 adaptations for standard article class
)

Package fontspec Info: Font family 'lmroman10-regular(0)' created for font
(fontspec)             'lmroman10-regular' with options
(fontspec)             [Ligatures=TeX,Path,BoldFont={lmroman10-bold},BoldItalicFont={lmroman10-bolditalic},ItalicFont={lmroman10-italic},SmallCapsFont={lmromancaps10-regular},SlantedFont={lmromanslant10-regular},BoldSlantedFont={lmromanslant10-bold}].
(fontspec)              
(fontspec)              This font family consists of the following NFSS
(fontspec)             series/shapes:
(fontspec)              
(fontspec)             - 'normal' (m/n) with NFSS spec.:
(fontspec)             <->"[lmroman10-regular]/OT:script=latn;language=dflt;mapping=tex-text;"
(fontspec)             - 'small caps'  (m/sc) with NFSS spec.:
(fontspec)             <->"[lmromancaps10-regular]/OT:script=latn;language=dflt;mapping=tex-text;"
(fontspec)             - 'bold' (b/n) with NFSS spec.:
(fontspec)             <->"[lmroman10-bold]/OT:script=latn;language=dflt;mapping=tex-text;"
(fontspec)             - 'bold small caps'  (b/sc) with NFSS spec.:
(fontspec)             <->"[lmromancaps10-regular]/OT:script=latn;language=dflt;mapping=tex-text;"
(fontspec)             - 'italic' (m/it) with NFSS spec.:
(fontspec)             <->"[lmroman10-italic]/OT:script=latn;language=dflt;mapping=tex-text;"
(fontspec)             - 'italic small caps'  (m/scit) with NFSS spec.:
(fontspec)             <->"[lmromancaps10-regular]/OT:script=latn;language=dflt;mapping=tex-text;"
(fontspec)             - 'slanted' (m/sl) with NFSS spec.:
(fontspec)             <->"[lmromanslant10-regular]/OT:script=latn;language=dflt;mapping=tex-text;"
(fontspec)             - 'slanted small caps'  (m/scsl) with NFSS spec.:
(fontspec)             <->"[lmromancaps10-regular]/OT:script=latn;language=dflt;mapping=tex-text;"
(fontspec)             - 'bold italic' (b/it) with NFSS spec.:
(fontspec)             <->"[lmroman10-bolditalic]/OT:script=latn;language=dflt;mapping=tex-text;"
(fontspec)             - 'bold italic small caps'  (b/scit) with NFSS spec.:
(fontspec)             <->"[lmromancaps10-regular]/OT:script=latn;language=dflt;mapping=tex-text;"
(fontspec)             - 'bold slanted' (b/sl) with NFSS spec.:
(fontspec)             <->"[lmromanslant10-bold]/OT:script=latn;language=dflt;mapping=tex-text;"
(fontspec)             - 'bold slanted small caps'  (b/scsl) with NFSS spec.:
(fontspec)             <->"[lmromancaps10-regular]/OT:script=latn;language=dflt;mapping=tex-text;"

) (C:\Program Files\MiKTeX\tex/latex/algorithmicx\algpseudocode.sty
Package: algpseudocode 

Document Style - pseudocode environments for use with the `algorithmicx' style
) (../commons/alg-fa.tex)

Package fontspec Info: Font family 'XBNiloofar(0)' created for font 'XB
(fontspec)             Niloofar' with options
(fontspec)             [RawFeature={script=arab},Ligatures=PersianTeX,Scale =
(fontspec)             1.2,BoldFont = *Bd,Extension = .ttf].
(fontspec)              
(fontspec)              This font family consists of the following NFSS
(fontspec)             series/shapes:
(fontspec)              
(fontspec)             - 'normal' (m/n) with NFSS spec.: <->s*[1.2]"[XB
(fontspec)             Niloofar.ttf]/OT:script=latn;language=dflt;script=arab;mapping=persian-tex-text;"
(fontspec)             - 'small caps'  (m/sc) with NFSS spec.: 
(fontspec)             - 'bold' (b/n) with NFSS spec.: <->s*[1.2]"[XB
(fontspec)             NiloofarBd.ttf]/OT:script=latn;language=dflt;script=arab;mapping=persian-tex-text;"
(fontspec)             - 'bold small caps'  (b/sc) with NFSS spec.: 

LaTeX Font Info:    Font shape `TU/XBNiloofar(0)/m/n' will be
(Font)              scaled to size 13.13995pt on input line 30.

Package fontspec Info: Font family 'XBKayhanPook.ttf(0)' created for font 'XB
(fontspec)             KayhanPook.ttf' with options
(fontspec)             [RawFeature={script=arab},Ligatures=PersianTeX,Scale=1.2].
(fontspec)              
(fontspec)              This font family consists of the following NFSS
(fontspec)             series/shapes:
(fontspec)              
(fontspec)             - 'normal' (m/n) with NFSS spec.: <->s*[1.2]"[XB
(fontspec)             KayhanPook.ttf]/OT:script=latn;language=dflt;script=arab;mapping=persian-tex-text;"
(fontspec)             - 'small caps'  (m/sc) with NFSS spec.: 

\c@قضیه=\count399
\c@لم=\count400
\c@مشاهده=\count401
\c@تعریف=\count402
\c@probcnt=\count403
) (HW2.aux)
\openout1 = `HW2.aux'.

LaTeX Font Info:    Checking defaults for OML/cmm/m/it on input line 7.
LaTeX Font Info:    ... okay on input line 7.
LaTeX Font Info:    Checking defaults for OMS/cmsy/m/n on input line 7.
LaTeX Font Info:    ... okay on input line 7.
LaTeX Font Info:    Checking defaults for OT1/cmr/m/n on input line 7.
LaTeX Font Info:    ... okay on input line 7.
LaTeX Font Info:    Checking defaults for T1/cmr/m/n on input line 7.
LaTeX Font Info:    ... okay on input line 7.
LaTeX Font Info:    Checking defaults for TS1/cmr/m/n on input line 7.
LaTeX Font Info:    Trying to load font information for TS1+cmr on input line 7.
 (C:\Program Files\MiKTeX\tex/latex/base\ts1cmr.fd
File: ts1cmr.fd 2022/07/10 v2.5l Standard LaTeX font definitions
)
LaTeX Font Info:    ... okay on input line 7.
LaTeX Font Info:    Checking defaults for TU/lmr/m/n on input line 7.
LaTeX Font Info:    ... okay on input line 7.
LaTeX Font Info:    Checking defaults for OMX/cmex/m/n on input line 7.
LaTeX Font Info:    ... okay on input line 7.
LaTeX Font Info:    Checking defaults for U/cmr/m/n on input line 7.
LaTeX Font Info:    ... okay on input line 7.
LaTeX Font Info:    Checking defaults for PD1/pdf/m/n on input line 7.
LaTeX Font Info:    ... okay on input line 7.
LaTeX Font Info:    Checking defaults for PU/pdf/m/n on input line 7.
LaTeX Font Info:    ... okay on input line 7.
Package hyperref Info: Link coloring ON on input line 7.
 (HW2.out) (HW2.out)
\@outlinefile=\write4
\openout4 = `HW2.out'.


*geometry* driver: auto-detecting
*geometry* detected driver: xetex
*geometry* verbose mode - [ preamble ] result:
* driver: xetex
* paper: a4paper
* layout: <same size as paper>
* layoutoffset:(h,v)=(0.0pt,0.0pt)
* modes: 
* h-part:(L,W,R)=(89.62709pt, 418.25368pt, 89.6271pt)
* v-part:(T,H,B)=(101.40665pt, 591.5302pt, 152.11pt)
* \paperwidth=597.50787pt
* \paperheight=845.04684pt
* \textwidth=495.07602pt
* \textheight=682.57892pt
* \oddsidemargin=-25.32202pt
* \evensidemargin=17.3571pt
* \topmargin=-70.4594pt
* \headheight=12.0pt
* \headsep=25.0pt
* \topskip=11.0pt
* \footskip=30.0pt
* \marginparwidth=50.0pt
* \marginparsep=10.0pt
* \columnsep=10.0pt
* \skip\footins=10.0pt plus 4.0pt minus 2.0pt
* \hoffset=0.0pt
* \voffset=0.0pt
* \mag=1000
* \@twocolumnfalse
* \@twosidefalse
* \@mparswitchfalse
* \@reversemarginfalse
* (1in=72.27pt=25.4mm, 1cm=28.453pt)

File: ../commons/sharif.png Graphic file (type bmp)
<../commons/sharif.png>
LaTeX Font Info:    Font shape `TU/XBNiloofar(0)/m/n' will be
(Font)              scaled to size 9.59998pt on input line 10.
LaTeX Font Info:    Font shape `TU/XBNiloofar(0)/b/n' will be
(Font)              scaled to size 9.59998pt on input line 10.
LaTeX Font Info:    Font shape `TU/XBNiloofar(0)/m/n' will be
(Font)              scaled to size 11.99997pt on input line 10.
LaTeX Font Info:    Font shape `TU/XBNiloofar(0)/m/n' will be
(Font)              scaled to size 17.27994pt on input line 10.
LaTeX Font Info:    Font shape `TU/XBNiloofar(0)/b/n' will be
(Font)              scaled to size 17.27994pt on input line 10.
LaTeX Font Info:    Font shape `TU/XBNiloofar(0)/b/n' will be
(Font)              scaled to size 13.13995pt on input line 10.

Underfull \hbox (badness 10000) in paragraph at lines 10--10
[][]
 []

LaTeX Font Info:    Font shape `TU/XBKayhanPook.ttf(0)/m/n' will be
(Font)              scaled to size 11.99997pt on input line 10.
LaTeX Font Info:    Font shape `TU/XBKayhanPook.ttf(0)/m/n' will be
(Font)              scaled to size 14.39996pt on input line 10.
LaTeX Font Info:    Font shape `TU/XBNiloofar(0)/m/n' will be
(Font)              scaled to size 14.39996pt on input line 13.
LaTeX Font Info:    Font shape `TU/XBNiloofar(0)/b/n' will be
(Font)              scaled to size 14.39996pt on input line 13.
LaTeX Font Info:    Trying to load font information for U+msa on input line 13.
(C:\Program Files\MiKTeX\tex/latex/amsfonts\umsa.fd
File: umsa.fd 2013/01/14 v3.01 AMS symbols A
)
LaTeX Font Info:    Trying to load font information for U+msb on input line 13.
 (C:\Program Files\MiKTeX\tex/latex/amsfonts\umsb.fd
File: umsb.fd 2013/01/14 v3.01 AMS symbols B
) (../questions/Q1.tex) (../questions/Q2.tex
LaTeX Font Info:    Font shape `TU/XBNiloofar(0)/b/n' will be
(Font)              scaled to size 11.99997pt on input line 14.
) (../questions/Q3.tex) [1

] (../questions/Q4.tex) (../questions/Q5.tex) (../questions/Q6.tex) (../questions/Q7.tex [2]) (../questions/Q8.tex) (../questions/Q9.tex) [3] (HW2.aux)
Package rerunfilecheck Info: File `HW2.out' has not changed.
(rerunfilecheck)             Checksum: D41D8CD98F00B204E9800998ECF8427E;0.
 ) 
Here is how much of TeX's memory you used:
 23443 strings out of 411564
 447932 string characters out of 2824404
 1858985 words of memory out of 3000000
 43122 multiletter control sequences out of 15000+600000
 519231 words of font info for 89 fonts, out of 8000000 for 9000
 1348 hyphenation exceptions out of 8191
 92i,6n,94p,2463b,350s stack positions out of 10000i,1000n,20000p,200000b,80000s

Output written on HW2.xdv (3 pages, 50572 bytes).
